2025-05-07 13:39:46,329 DEBUG    root            Loaded Command Group: ['gcloud', 'components']
2025-05-07 13:39:46,331 DEBUG    root            Loaded Command Group: ['gcloud', 'components', 'update']
2025-05-07 13:39:46,333 DEBUG    root            Running [gcloud.components.update] with arguments: [--quiet: "True", COMPONENT-IDS:8: "['gcloud', 'core', 'bq', 'gsutil', 'compute', 'preview', 'alpha', 'beta']"]
2025-05-07 13:39:46,334 INFO     ___FILE_ONLY___ Beginning update. This process may take several minutes.

2025-05-07 13:39:46,344 DEBUG    urllib3.connectionpool Starting new HTTPS connection (1): dl.google.com:443
2025-05-07 13:39:46,356 DEBUG    urllib3.connectionpool https://dl.google.com:443 "GET /dl/cloudsdk/channels/rapid/components-2.json HTTP/11" 200 233994
2025-05-07 13:39:46,370 WARNING  root            Component [compute] no longer exists.
2025-05-07 13:39:46,371 INFO     ___FILE_ONLY___ 

2025-05-07 13:39:46,371 INFO     ___FILE_ONLY___ 
Your current Google Cloud CLI version is: 521.0.0

2025-05-07 13:39:46,371 INFO     ___FILE_ONLY___ Installing components from version: 521.0.0

2025-05-07 13:39:46,371 INFO     ___FILE_ONLY___ 

2025-05-07 13:39:46,371 DEBUG    root            Chosen display Format:table[box,title="These components will be removed."](details.display_name:label=Name:align=left,version.version_string:label=Version:align=right,data.size.size(zero="",min=1048576):label=Size:align=right)
2025-05-07 13:39:46,372 DEBUG    root            Chosen display Format:table[box,title="These components will be updated."](details.display_name:label=Name:align=left,version.version_string:label=Version:align=right,data.size.size(zero="",min=1048576):label=Size:align=right)
2025-05-07 13:39:46,372 DEBUG    root            Chosen display Format:table[box,title="These components will be installed."](details.display_name:label=Name:align=left,version.version_string:label=Version:align=right,data.size.size(zero="",min=1048576):label=Size:align=right)
2025-05-07 13:39:46,387 INFO     ___FILE_ONLY___ ┌────────────────────────────────────────────────┐
2025-05-07 13:39:46,387 INFO     ___FILE_ONLY___ 

2025-05-07 13:39:46,387 INFO     ___FILE_ONLY___ │      These components will be installed.       │
2025-05-07 13:39:46,387 INFO     ___FILE_ONLY___ 

2025-05-07 13:39:46,387 INFO     ___FILE_ONLY___ ├─────────────────────────┬────────────┬─────────┤
2025-05-07 13:39:46,387 INFO     ___FILE_ONLY___ 

2025-05-07 13:39:46,387 INFO     ___FILE_ONLY___ │           Name          │  Version   │   Size  │
2025-05-07 13:39:46,387 INFO     ___FILE_ONLY___ 

2025-05-07 13:39:46,387 INFO     ___FILE_ONLY___ ├─────────────────────────┼────────────┼─────────┤
2025-05-07 13:39:46,387 INFO     ___FILE_ONLY___ 

2025-05-07 13:39:46,387 INFO     ___FILE_ONLY___ │ 
2025-05-07 13:39:46,387 INFO     ___FILE_ONLY___ gcloud Alpha Commands  
2025-05-07 13:39:46,387 INFO     ___FILE_ONLY___  
2025-05-07 13:39:46,387 INFO     ___FILE_ONLY___ │ 
2025-05-07 13:39:46,388 INFO     ___FILE_ONLY___ 2025.05.02
2025-05-07 13:39:46,388 INFO     ___FILE_ONLY___  
2025-05-07 13:39:46,388 INFO     ___FILE_ONLY___ │ 
2025-05-07 13:39:46,388 INFO     ___FILE_ONLY___ < 1 MiB
2025-05-07 13:39:46,388 INFO     ___FILE_ONLY___  
2025-05-07 13:39:46,388 INFO     ___FILE_ONLY___ │
2025-05-07 13:39:46,388 INFO     ___FILE_ONLY___ 

2025-05-07 13:39:46,388 INFO     ___FILE_ONLY___ │ 
2025-05-07 13:39:46,388 INFO     ___FILE_ONLY___ gcloud Beta Commands   
2025-05-07 13:39:46,388 INFO     ___FILE_ONLY___  
2025-05-07 13:39:46,388 INFO     ___FILE_ONLY___ │ 
2025-05-07 13:39:46,388 INFO     ___FILE_ONLY___ 2025.05.02
2025-05-07 13:39:46,388 INFO     ___FILE_ONLY___  
2025-05-07 13:39:46,388 INFO     ___FILE_ONLY___ │ 
2025-05-07 13:39:46,388 INFO     ___FILE_ONLY___ < 1 MiB
2025-05-07 13:39:46,388 INFO     ___FILE_ONLY___  
2025-05-07 13:39:46,388 INFO     ___FILE_ONLY___ │
2025-05-07 13:39:46,388 INFO     ___FILE_ONLY___ 

2025-05-07 13:39:46,388 INFO     ___FILE_ONLY___ │ 
2025-05-07 13:39:46,388 INFO     ___FILE_ONLY___ gcloud Preview Commands
2025-05-07 13:39:46,388 INFO     ___FILE_ONLY___  
2025-05-07 13:39:46,389 INFO     ___FILE_ONLY___ │ 
2025-05-07 13:39:46,389 INFO     ___FILE_ONLY___           
2025-05-07 13:39:46,389 INFO     ___FILE_ONLY___  
2025-05-07 13:39:46,389 INFO     ___FILE_ONLY___ │ 
2025-05-07 13:39:46,389 INFO     ___FILE_ONLY___ < 1 MiB
2025-05-07 13:39:46,389 INFO     ___FILE_ONLY___  
2025-05-07 13:39:46,389 INFO     ___FILE_ONLY___ │
2025-05-07 13:39:46,389 INFO     ___FILE_ONLY___ 

2025-05-07 13:39:46,389 INFO     ___FILE_ONLY___ └─────────────────────────┴────────────┴─────────┘
2025-05-07 13:39:46,389 INFO     ___FILE_ONLY___ 

2025-05-07 13:39:46,389 INFO     ___FILE_ONLY___ 

2025-05-07 13:39:46,392 DEBUG    urllib3.connectionpool Starting new HTTPS connection (1): dl.google.com:443
2025-05-07 13:39:46,407 DEBUG    urllib3.connectionpool https://dl.google.com:443 "GET /dl/cloudsdk/channels/rapid/RELEASE_NOTES HTTP/11" 200 1410993
2025-05-07 13:39:46,877 INFO     ___FILE_ONLY___ For the latest full release notes, please visit:
  https://cloud.google.com/sdk/release_notes


2025-05-07 13:39:46,878 INFO     ___FILE_ONLY___ Performing in place update...


2025-05-07 13:39:46,880 INFO     ___FILE_ONLY___ ╔════════════════════════════════════════════════════════════╗

2025-05-07 13:39:46,880 INFO     ___FILE_ONLY___ ╠═ Downloading: gcloud Alpha Commands                       ═╣

2025-05-07 13:39:46,880 INFO     ___FILE_ONLY___ ╚
2025-05-07 13:39:46,883 DEBUG    urllib3.connectionpool Starting new HTTPS connection (1): dl.google.com:443
2025-05-07 13:39:46,906 DEBUG    urllib3.connectionpool https://dl.google.com:443 "GET /dl/cloudsdk/channels/rapid/components/google-cloud-sdk-alpha-20250502143716.tar.gz HTTP/11" 200 800
2025-05-07 13:39:46,907 INFO     ___FILE_ONLY___ ════════════════════════════════════════════════════════════
2025-05-07 13:39:46,907 INFO     ___FILE_ONLY___ ╝

2025-05-07 13:39:46,909 INFO     ___FILE_ONLY___ ╔════════════════════════════════════════════════════════════╗

2025-05-07 13:39:46,909 INFO     ___FILE_ONLY___ ╠═ Downloading: gcloud Beta Commands                        ═╣

2025-05-07 13:39:46,909 INFO     ___FILE_ONLY___ ╚
2025-05-07 13:39:46,912 DEBUG    urllib3.connectionpool Starting new HTTPS connection (1): dl.google.com:443
2025-05-07 13:39:46,963 DEBUG    urllib3.connectionpool https://dl.google.com:443 "GET /dl/cloudsdk/channels/rapid/components/google-cloud-sdk-beta-20250502143716.tar.gz HTTP/11" 200 797
2025-05-07 13:39:46,963 INFO     ___FILE_ONLY___ ════════════════════════════════════════════════════════════
2025-05-07 13:39:46,963 INFO     ___FILE_ONLY___ ╝

2025-05-07 13:39:46,965 INFO     ___FILE_ONLY___ ╔════════════════════════════════════════════════════════════╗

2025-05-07 13:39:46,966 INFO     ___FILE_ONLY___ ╠═ Downloading: gcloud Preview Commands                     ═╣

2025-05-07 13:39:46,966 INFO     ___FILE_ONLY___ ╚
2025-05-07 13:39:46,969 DEBUG    urllib3.connectionpool Starting new HTTPS connection (1): dl.google.com:443
2025-05-07 13:39:47,013 DEBUG    urllib3.connectionpool https://dl.google.com:443 "GET /dl/cloudsdk/channels/rapid/components/google-cloud-sdk-preview-20241115154308.tar.gz HTTP/11" 200 823
2025-05-07 13:39:47,014 INFO     ___FILE_ONLY___ ════════════════════════════════════════════════════════════
2025-05-07 13:39:47,014 INFO     ___FILE_ONLY___ ╝

2025-05-07 13:39:47,016 INFO     ___FILE_ONLY___ ╔════════════════════════════════════════════════════════════╗

2025-05-07 13:39:47,016 INFO     ___FILE_ONLY___ ╠═ Installing: gcloud Alpha Commands                        ═╣

2025-05-07 13:39:47,016 INFO     ___FILE_ONLY___ ╚
2025-05-07 13:39:47,017 INFO     ___FILE_ONLY___ ════════════════════════════════════════════════════════════
2025-05-07 13:39:47,017 INFO     ___FILE_ONLY___ ╝

2025-05-07 13:39:47,023 INFO     ___FILE_ONLY___ ╔════════════════════════════════════════════════════════════╗

2025-05-07 13:39:47,023 INFO     ___FILE_ONLY___ ╠═ Installing: gcloud Beta Commands                         ═╣

2025-05-07 13:39:47,023 INFO     ___FILE_ONLY___ ╚
2025-05-07 13:39:47,024 INFO     ___FILE_ONLY___ ════════════════════════════════════════════════════════════
2025-05-07 13:39:47,024 INFO     ___FILE_ONLY___ ╝

2025-05-07 13:39:47,030 INFO     ___FILE_ONLY___ ╔════════════════════════════════════════════════════════════╗

2025-05-07 13:39:47,030 INFO     ___FILE_ONLY___ ╠═ Installing: gcloud Preview Commands                      ═╣

2025-05-07 13:39:47,030 INFO     ___FILE_ONLY___ ╚
2025-05-07 13:39:47,031 INFO     ___FILE_ONLY___ ════════════════════════════════════════════════════════════
2025-05-07 13:39:47,031 INFO     ___FILE_ONLY___ ╝

2025-05-07 13:39:47,036 DEBUG    root            Updating notification cache...
2025-05-07 13:39:47,037 INFO     ___FILE_ONLY___ 

2025-05-07 13:39:47,039 INFO     ___FILE_ONLY___ Performing post processing steps...
2025-05-07 13:39:47,039 DEBUG    root            Executing command: ['/tools/google-cloud-sdk/bin/gcloud', 'components', 'post-process']
2025-05-07 13:39:56,136 DEBUG    ___FILE_ONLY___ 
2025-05-07 13:39:56,137 DEBUG    ___FILE_ONLY___ 
2025-05-07 13:39:56,304 INFO     root            descriptor_list: [{'universeDomain': 'googleapis.com', 'universeShortName': '', 'authenticationDomain': 'auth.cloud.google.com', 'projectPrefix': '', 'cloudWebDomain': 'cloud.google.com', 'documentationDomain': 'cloud.google.com', 'version': '1.0.0', 'state': 'primary', 'artifactRegistryDomain': 'pkg.dev'}]
2025-05-07 13:39:56,305 INFO     ___FILE_ONLY___ 
Update done!


2025-05-07 13:39:56,307 DEBUG    root            Chosen display Format:none
2025-05-07 13:39:56,307 INFO     root            Display format: "none"
